<?xml version="1.0" encoding="UTF-8"?>
<!-- Generated by org.testng.reporters.JUnitReportReporter -->
<testsuite hostname="LAPTOP-UQKMN7Q7" name="testCases.BuyOnline" tests="1" failures="0" timestamp="7 Apr 2019 19:44:06 GMT" time="27.148" errors="0">
  <testcase name="buySummerDress" time="27.148" classname="testCases.BuyOnline"/>
</testsuite> <!-- testCases.BuyOnline -->
