<?xml version="1.0" encoding="UTF-8"?>
<!-- Generated by org.testng.reporters.JUnitReportReporter -->
<testsuite hostname="LAPTOP-UQKMN7Q7" name="testCases.HomePage" tests="1" failures="0" timestamp="5 Apr 2019 19:04:34 GMT" time="7.611" errors="0">
  <testcase name="buyProduct" time="7.611" classname="testCases.HomePage"/>
</testsuite> <!-- testCases.HomePage -->
